[12:10:14] [Server thread/INFO]: Starting minecraft server version 1.8.8
[12:10:14] [Server thread/INFO]: Loading properties
[12:10:14] [Server thread/INFO]: Default game type: SURVIVAL
[12:10:14] [Server thread/INFO]: This server is running CraftBukkit version git-Spigot-21fe707-741a1bd (MC: 1.8.8) (Implementing API version 1.8.8-R0.1-SNAPSHOT)
[12:10:14] [Server thread/INFO]: Server Ping Player Sample Count: 12

[12:10:14] [Server thread/INFO]: Using 4 threads for Netty based IO
[12:10:14] [Server thread/INFO]: Debug logging is disabled
[12:10:14] [Server thread/INFO]: Generating keypair
[12:10:14] [Server thread/INFO]: Starting Minecraft server on *:25565
[12:10:14] [Server thread/INFO]: Using default channel type
[12:10:14] [Server thread/INFO]: Your platform does not provide complete low-level API for accessing direct buffers reliably. Unless explicitly requested, heap buffer will always be preferred to avoid potential system unstability.
[12:10:14] [Server thread/INFO]: Set PluginClassLoader as parallel capable
[12:10:14] [Server thread/INFO]: [MinecraftPvpPlugin] Loading MinecraftPvpPlugin v1.0-SNAPSHOT
[12:10:14] [Server thread/INFO]: **** Beginning UUID conversion, this may take A LONG time ****
[12:10:14] [Server thread/INFO]: Preparing level "A"
[12:10:14] [Server thread/INFO]: -------- World Settings For [A] --------
[12:10:14] [Server thread/INFO]: Item Merge Radius: 2.5
[12:10:14] [Server thread/INFO]: Arrow Despawn Rate: 1200
[12:10:14] [Server thread/INFO]: Item Despawn Rate: 6000
[12:10:14] [Server thread/INFO]: Zombie Aggressive Towards Villager: true
[12:10:14] [Server thread/INFO]: View Distance: 10
[12:10:14] [Server thread/INFO]: Max TNT Explosions: 100
[12:10:14] [Server thread/INFO]: Tile Max Tick Time: 50ms Entity max Tick Time: 50ms
[12:10:14] [Server thread/INFO]: Sending up to 10 chunks per packet
[12:10:14] [Server thread/INFO]: Structure Info Saving: true
[12:10:14] [Server thread/INFO]: Max Entity Collisions: 8
[12:10:14] [Server thread/INFO]: Custom Map Seeds:  Village: 10387312 Feature: 14357617
[12:10:14] [Server thread/INFO]: Random Lighting Updates: false
[12:10:14] [Server thread/INFO]: Mob Spawn Range: 4
[12:10:14] [Server thread/INFO]: Cactus Growth Modifier: 100%
[12:10:14] [Server thread/INFO]: Cane Growth Modifier: 100%
[12:10:14] [Server thread/INFO]: Melon Growth Modifier: 100%
[12:10:14] [Server thread/INFO]: Mushroom Growth Modifier: 100%
[12:10:14] [Server thread/INFO]: Pumpkin Growth Modifier: 100%
[12:10:14] [Server thread/INFO]: Sapling Growth Modifier: 100%
[12:10:14] [Server thread/INFO]: Wheat Growth Modifier: 100%
[12:10:14] [Server thread/INFO]: NetherWart Growth Modifier: 100%
[12:10:14] [Server thread/INFO]: Entity Tracking Range: Pl 48 / An 48 / Mo 48 / Mi 32 / Other 64
[12:10:14] [Server thread/INFO]: Entity Activation Range: An 32 / Mo 32 / Mi 16
[12:10:14] [Server thread/INFO]: Nerfing mobs spawned from spawners: false
[12:10:14] [Server thread/INFO]: Chunks to Grow per Tick: 650
[12:10:14] [Server thread/INFO]: Clear tick list: false
[12:10:14] [Server thread/INFO]: Experience Merge Radius: 3.0
[12:10:14] [Server thread/INFO]: Allow Zombie Pigmen to spawn from portal blocks: true
[12:10:14] [Server thread/INFO]: Hopper Transfer: 8 Hopper Check: 8 Hopper Amount: 1
[12:10:14] [Server thread/INFO]: Anti X-Ray: true
[12:10:14] [Server thread/INFO]: 	Engine Mode: 1
[12:10:14] [Server thread/INFO]: 	Hidden Blocks: [14, 15, 16, 21, 48, 49, 54, 56, 73, 74, 82, 129, 130]
[12:10:14] [Server thread/INFO]: 	Replace Blocks: [1, 5]
[12:10:15] [Server thread/INFO]: -------- World Settings For [A_nether] --------
[12:10:15] [Server thread/INFO]: Item Merge Radius: 2.5
[12:10:15] [Server thread/INFO]: Arrow Despawn Rate: 1200
[12:10:15] [Server thread/INFO]: Item Despawn Rate: 6000
[12:10:15] [Server thread/INFO]: Zombie Aggressive Towards Villager: true
[12:10:15] [Server thread/INFO]: View Distance: 10
[12:10:15] [Server thread/INFO]: Max TNT Explosions: 100
[12:10:15] [Server thread/INFO]: Tile Max Tick Time: 50ms Entity max Tick Time: 50ms
[12:10:15] [Server thread/INFO]: Sending up to 10 chunks per packet
[12:10:15] [Server thread/INFO]: Structure Info Saving: true
[12:10:15] [Server thread/INFO]: Max Entity Collisions: 8
[12:10:15] [Server thread/INFO]: Custom Map Seeds:  Village: 10387312 Feature: 14357617
[12:10:15] [Server thread/INFO]: Random Lighting Updates: false
[12:10:15] [Server thread/INFO]: Mob Spawn Range: 4
[12:10:15] [Server thread/INFO]: Cactus Growth Modifier: 100%
[12:10:15] [Server thread/INFO]: Cane Growth Modifier: 100%
[12:10:15] [Server thread/INFO]: Melon Growth Modifier: 100%
[12:10:15] [Server thread/INFO]: Mushroom Growth Modifier: 100%
[12:10:15] [Server thread/INFO]: Pumpkin Growth Modifier: 100%
[12:10:15] [Server thread/INFO]: Sapling Growth Modifier: 100%
[12:10:15] [Server thread/INFO]: Wheat Growth Modifier: 100%
[12:10:15] [Server thread/INFO]: NetherWart Growth Modifier: 100%
[12:10:15] [Server thread/INFO]: Entity Tracking Range: Pl 48 / An 48 / Mo 48 / Mi 32 / Other 64
[12:10:15] [Server thread/INFO]: Entity Activation Range: An 32 / Mo 32 / Mi 16
[12:10:15] [Server thread/INFO]: Nerfing mobs spawned from spawners: false
[12:10:15] [Server thread/INFO]: Chunks to Grow per Tick: 650
[12:10:15] [Server thread/INFO]: Clear tick list: false
[12:10:15] [Server thread/INFO]: Experience Merge Radius: 3.0
[12:10:15] [Server thread/INFO]: Allow Zombie Pigmen to spawn from portal blocks: true
[12:10:15] [Server thread/INFO]: Hopper Transfer: 8 Hopper Check: 8 Hopper Amount: 1
[12:10:15] [Server thread/INFO]: Anti X-Ray: true
[12:10:15] [Server thread/INFO]: 	Engine Mode: 1
[12:10:15] [Server thread/INFO]: 	Hidden Blocks: [14, 15, 16, 21, 48, 49, 54, 56, 73, 74, 82, 129, 130]
[12:10:15] [Server thread/INFO]: 	Replace Blocks: [1, 5]
[12:10:15] [Server thread/INFO]: -------- World Settings For [A_the_end] --------
[12:10:15] [Server thread/INFO]: Item Merge Radius: 2.5
[12:10:15] [Server thread/INFO]: Arrow Despawn Rate: 1200
[12:10:15] [Server thread/INFO]: Item Despawn Rate: 6000
[12:10:15] [Server thread/INFO]: Zombie Aggressive Towards Villager: true
[12:10:15] [Server thread/INFO]: View Distance: 10
[12:10:15] [Server thread/INFO]: Max TNT Explosions: 100
[12:10:15] [Server thread/INFO]: Tile Max Tick Time: 50ms Entity max Tick Time: 50ms
[12:10:15] [Server thread/INFO]: Sending up to 10 chunks per packet
[12:10:15] [Server thread/INFO]: Structure Info Saving: true
[12:10:15] [Server thread/INFO]: Max Entity Collisions: 8
[12:10:15] [Server thread/INFO]: Custom Map Seeds:  Village: 10387312 Feature: 14357617
[12:10:15] [Server thread/INFO]: Random Lighting Updates: false
[12:10:15] [Server thread/INFO]: Mob Spawn Range: 4
[12:10:15] [Server thread/INFO]: Cactus Growth Modifier: 100%
[12:10:15] [Server thread/INFO]: Cane Growth Modifier: 100%
[12:10:15] [Server thread/INFO]: Melon Growth Modifier: 100%
[12:10:15] [Server thread/INFO]: Mushroom Growth Modifier: 100%
[12:10:15] [Server thread/INFO]: Pumpkin Growth Modifier: 100%
[12:10:15] [Server thread/INFO]: Sapling Growth Modifier: 100%
[12:10:15] [Server thread/INFO]: Wheat Growth Modifier: 100%
[12:10:15] [Server thread/INFO]: NetherWart Growth Modifier: 100%
[12:10:15] [Server thread/INFO]: Entity Tracking Range: Pl 48 / An 48 / Mo 48 / Mi 32 / Other 64
[12:10:15] [Server thread/INFO]: Entity Activation Range: An 32 / Mo 32 / Mi 16
[12:10:15] [Server thread/INFO]: Nerfing mobs spawned from spawners: false
[12:10:15] [Server thread/INFO]: Chunks to Grow per Tick: 650
[12:10:15] [Server thread/INFO]: Clear tick list: false
[12:10:15] [Server thread/INFO]: Experience Merge Radius: 3.0
[12:10:15] [Server thread/INFO]: Allow Zombie Pigmen to spawn from portal blocks: true
[12:10:15] [Server thread/INFO]: Hopper Transfer: 8 Hopper Check: 8 Hopper Amount: 1
[12:10:15] [Server thread/INFO]: Anti X-Ray: true
[12:10:15] [Server thread/INFO]: 	Engine Mode: 1
[12:10:15] [Server thread/INFO]: 	Hidden Blocks: [14, 15, 16, 21, 48, 49, 54, 56, 73, 74, 82, 129, 130]
[12:10:15] [Server thread/INFO]: 	Replace Blocks: [1, 5]
[12:10:15] [Server thread/INFO]: Preparing start region for level 0 (Seed: -5522529768415643471)
[12:10:16] [Server thread/INFO]: Preparing spawn area: 52%
[12:10:16] [Server thread/INFO]: Preparing start region for level 1 (Seed: 9151484433450111679)
[12:10:17] [Server thread/INFO]: Preparing spawn area: 16%
[12:10:18] [Server thread/INFO]: Preparing spawn area: 46%
[12:10:19] [Server thread/INFO]: Preparing spawn area: 77%
[12:10:20] [Server thread/INFO]: Preparing start region for level 2 (Seed: 9151484433450111679)
[12:10:21] [Server thread/INFO]: Preparing spawn area: 53%
[12:10:21] [Server thread/INFO]: [MinecraftPvpPlugin] Enabling MinecraftPvpPlugin v1.0-SNAPSHOT
[12:10:21] [Server thread/INFO]: MAGIC PVP v.0.0.0

[12:10:22] [Server thread/INFO]: -------- World Settings For [Lobby] --------
[12:10:22] [Server thread/INFO]: Item Merge Radius: 2.5
[12:10:22] [Server thread/INFO]: Arrow Despawn Rate: 1200
[12:10:22] [Server thread/INFO]: Item Despawn Rate: 6000
[12:10:22] [Server thread/INFO]: Zombie Aggressive Towards Villager: true
[12:10:22] [Server thread/INFO]: View Distance: 10
[12:10:22] [Server thread/INFO]: Max TNT Explosions: 100
[12:10:22] [Server thread/INFO]: Tile Max Tick Time: 50ms Entity max Tick Time: 50ms
[12:10:22] [Server thread/INFO]: Sending up to 10 chunks per packet
[12:10:22] [Server thread/INFO]: Structure Info Saving: true
[12:10:22] [Server thread/INFO]: Max Entity Collisions: 8
[12:10:22] [Server thread/INFO]: Custom Map Seeds:  Village: 10387312 Feature: 14357617
[12:10:22] [Server thread/INFO]: Random Lighting Updates: false
[12:10:22] [Server thread/INFO]: Mob Spawn Range: 4
[12:10:22] [Server thread/INFO]: Cactus Growth Modifier: 100%
[12:10:22] [Server thread/INFO]: Cane Growth Modifier: 100%
[12:10:22] [Server thread/INFO]: Melon Growth Modifier: 100%
[12:10:22] [Server thread/INFO]: Mushroom Growth Modifier: 100%
[12:10:22] [Server thread/INFO]: Pumpkin Growth Modifier: 100%
[12:10:22] [Server thread/INFO]: Sapling Growth Modifier: 100%
[12:10:22] [Server thread/INFO]: Wheat Growth Modifier: 100%
[12:10:22] [Server thread/INFO]: NetherWart Growth Modifier: 100%
[12:10:22] [Server thread/INFO]: Entity Tracking Range: Pl 48 / An 48 / Mo 48 / Mi 32 / Other 64
[12:10:22] [Server thread/INFO]: Entity Activation Range: An 32 / Mo 32 / Mi 16
[12:10:22] [Server thread/INFO]: Nerfing mobs spawned from spawners: false
[12:10:22] [Server thread/INFO]: Chunks to Grow per Tick: 650
[12:10:22] [Server thread/INFO]: Clear tick list: false
[12:10:22] [Server thread/INFO]: Experience Merge Radius: 3.0
[12:10:22] [Server thread/INFO]: Allow Zombie Pigmen to spawn from portal blocks: true
[12:10:22] [Server thread/INFO]: Hopper Transfer: 8 Hopper Check: 8 Hopper Amount: 1
[12:10:22] [Server thread/INFO]: Anti X-Ray: true
[12:10:22] [Server thread/INFO]: 	Engine Mode: 1
[12:10:22] [Server thread/INFO]: 	Hidden Blocks: [14, 15, 16, 21, 48, 49, 54, 56, 73, 74, 82, 129, 130]
[12:10:22] [Server thread/INFO]: 	Replace Blocks: [1, 5]
[12:10:22] [Server thread/INFO]: Preparing start region for level 3 (Seed: -4444818278965242618)
[12:10:22] [Server thread/INFO]: [MinecraftPvpPlugin] Lobby world loaded successfully.
[12:10:22] [Server thread/INFO]: [MinecraftPvpPlugin] Loaded world: A
[12:10:22] [Server thread/INFO]: [MinecraftPvpPlugin] Loaded world: A_nether
[12:10:22] [Server thread/INFO]: [MinecraftPvpPlugin] Loaded world: A_the_end
[12:10:22] [Server thread/INFO]: [MinecraftPvpPlugin] Loaded world: Lobby
[12:10:22] [Server thread/INFO]: Server permissions file permissions.yml is empty, ignoring it
[12:10:23] [Server thread/INFO]: Done (8.186s)! For help, type "help" or "?"
[12:10:33] [User Authenticator #1/INFO]: UUID of player MAIL__TW is dfeb3c93-3855-4e66-b3d1-25aa25312082
[12:10:33] [Server thread/INFO]: MAIL__TW join the server
[12:10:33] [Server thread/INFO]: MAIL__TW join the server
[12:10:33] [Server thread/INFO]: MAIL__TW[/127.0.0.1:6522] logged in with entity id 414 at ([Lobby]110.5, 74.0, 95.5)
[12:11:11] [Server thread/INFO]: MAIL__TW lost connection: Disconnected
[12:11:11] [Server thread/INFO]: MAIL__TW left the game.
[12:11:15] [Thread-2/INFO]: Stopping server
